<?xml version="1.0" encoding="UTF-8"?>
<testsuite xmlns:xsi="http://www.w3.org/2001/XMLSchema-instance" xsi:noNamespaceSchemaLocation="https://maven.apache.org/surefire/maven-failsafe-plugin/xsd/failsafe-test-report.xsd" name="appium.features.calculator.CalculateNumberByKeywordStory" time="76.416" tests="4" errors="4" skipped="0" failures="0">
  <properties>
[...]
</properties>
  <testcase name="Subtract" classname="appium.features.calculator.CalculateNumberByKeywordStory" time="22.538">
    <error message="Expected enabled element was not enabled&#10;Build info: version: &apos;3.141.59&apos;, revision: &apos;e82be7d358&apos;, time: &apos;2018-11-14T08:17:03&apos;&#10;System info: host: &apos;DESKTOP-KMNS09Q&apos;, ip: &apos;192.168.1.29&apos;, os.name: &apos;Windows 10&apos;, os.arch: &apos;amd64&apos;, os.version: &apos;10.0&apos;, java.version: &apos;1.8.0_211&apos;&#10;Driver info: driver.version: unknown" type="net.thucydides.core.webdriver.exceptions.ElementShouldBeEnabledException">net.thucydides.core.webdriver.exceptions.ElementShouldBeEnabledException: 
Expected enabled element was not enabled
Build info: version: '3.141.59', revision: 'e82be7d358', time: '2018-11-14T08:17:03'
System info: host: 'DESKTOP-KMNS09Q', ip: '192.168.1.29', os.name: 'Windows 10', os.arch: 'amd64', os.version: '10.0', java.version: '1.8.0_211'
Driver info: driver.version: unknown
	at appium.features.calculator.CalculateNumberByKeywordStory.Subtract(CalculateNumberByKeywordStory.java:45)
</error>
    <system-err><![CDATA[[main] INFO net.thucydides.core.steps.ConsoleLoggingListener - 

-------------------------------------------------------------------------------------
     _______. _______ .______       _______ .__   __.  __  .___________.____    ____ 
    /       ||   ____||   _  \     |   ____||  \ |  | |  | |           |\   \  /   / 
   |   (----`|  |__   |  |_)  |    |  |__   |   \|  | |  | `---|  |----` \   \/   /  
    \   \    |   __|  |      /     |   __|  |  . `  | |  |     |  |       \_    _/   
.----)   |   |  |____ |  |\  \----.|  |____ |  |\   | |  |     |  |         |  |     
|_______/    |_______|| _| `._____||_______||__| \__| |__|     |__|         |__|    
                                                                                     
 News and tutorials at http://www.serenity-bdd.info                                  
 Documentation at https://wakaleo.gitbooks.io/the-serenity-book/content/             
 Join the Serenity Community on Rocket Chat at https://serenity-bdd.rocket.chat      
 Serenity BDD Support and Training at http://serenity-bdd.info/#/trainingandsupport  
 Learn Serenity BDD online at http://serenity-dojo.com                               
-------------------------------------------------------------------------------------

[main] INFO net.thucydides.core.steps.ConsoleLoggingListener - Test Suite Started: Calculate number by keyword story
[main] INFO net.thucydides.core.steps.ConsoleLoggingListener - 
 _____ _____ ____ _____   ____ _____  _    ____ _____ _____ ____  
|_   _| ____/ ___|_   _| / ___|_   _|/ \  |  _ \_   _| ____|  _ \ 
  | | |  _| \___ \ | |   \___ \ | | / _ \ | |_) || | |  _| | | | |
  | | | |___ ___) || |    ___) || |/ ___ \|  _ < | | | |___| |_| |
  |_| |_____|____/ |_|   |____/ |_/_/   \_\_| \_\|_| |_____|____/ 
                                                                  

TEST STARTED: Subtract
-------------------------------------------------------------------
[main] INFO net.serenitybdd.core.Serenity - TEST NUMBER: 1
May 11, 2020 4:28:22 PM org.openqa.selenium.remote.DesiredCapabilities chrome
INFO: Using `new ChromeOptions()` is preferred to `DesiredCapabilities.chrome()`
[main] INFO net.serenitybdd.core.webdriver.driverproviders.ProvideNewDriver - Instantiating driver
[main] INFO net.serenitybdd.core.webdriver.driverproviders.ProvideNewDriver - Driver capabilities: Capabilities {acceptInsecureCerts: false, browserName: chrome, goog:chromeOptions: {args: [], extensions: []}, loggingPrefs: org.openqa.selenium.logging..., platform: ANY, version: }
Starting ChromeDriver 81.0.4044.138 (8c6c7ba89cc9453625af54f11fd83179e23450fa-refs/branch-heads/4044@{#999}) on port 44923
Only local connections are allowed.
Please protect ports used by ChromeDriver and related test frameworks to prevent access by malicious code.
May 11, 2020 4:28:28 PM org.openqa.selenium.remote.ProtocolHandshake createSession
INFO: Detected dialect: W3C
[1589189310.247][SEVERE]: Timed out receiving message from renderer: 0.100
[1589189310.354][SEVERE]: Timed out receiving message from renderer: 0.100
[1589189310.455][SEVERE]: Timed out receiving message from renderer: 0.100
[1589189310.558][SEVERE]: Timed out receiving message from renderer: 0.100
[1589189310.804][SEVERE]: Timed out receiving message from renderer: 0.100
[1589189310.906][SEVERE]: Timed out receiving message from renderer: 0.100
[1589189311.009][SEVERE]: Timed out receiving message from renderer: 0.100
[1589189311.112][SEVERE]: Timed out receiving message from renderer: 0.100
[1589189311.213][SEVERE]: Timed out receiving message from renderer: 0.100
[1589189311.314][SEVERE]: Timed out receiving message from renderer: 0.100
[1589189311.416][SEVERE]: Timed out receiving message from renderer: 0.100
[1589189311.517][SEVERE]: Timed out receiving message from renderer: 0.100
[1589189311.619][SEVERE]: Timed out receiving message from renderer: 0.100
[1589189311.721][SEVERE]: Timed out receiving message from renderer: 0.100
[1589189311.822][SEVERE]: Timed out receiving message from renderer: 0.100
[1589189311.924][SEVERE]: Timed out receiving message from renderer: 0.100
[1589189312.029][SEVERE]: Timed out receiving message from renderer: 0.100
[1589189312.131][SEVERE]: Timed out receiving message from renderer: 0.100
[1589189312.233][SEVERE]: Timed out receiving message from renderer: 0.100
[1589189312.335][SEVERE]: Timed out receiving message from renderer: 0.100
[1589189312.438][SEVERE]: Timed out receiving message from renderer: 0.100
[1589189312.540][SEVERE]: Timed out receiving message from renderer: 0.100
]]></system-err>
  </testcase>
  <testcase name="Addition" classname="appium.features.calculator.CalculateNumberByKeywordStory" time="11.741">
    <error message="Could not instantiate new WebDriver instance of type class org.openqa.selenium.chrome.ChromeDriver (session not created&#10;from chrome not reachable&#10;  (Session info: chrome=81.0.4044.138)&#10;Build info: version: &apos;3.141.59&apos;, revision: &apos;e82be7d358&apos;, time: &apos;2018-11-14T08:17:03&apos;&#10;System info: host: &apos;DESKTOP-KMNS09Q&apos;, ip: &apos;192.168.1.29&apos;, os.name: &apos;Windows 10&apos;, os.arch: &apos;amd64&apos;, os.version: &apos;10.0&apos;, java.version: &apos;1.8.0_211&apos;&#10;Driver info: driver.version: ProvideNewDriver&#10;remote stacktrace: Backtrace:&#10;	Ordinal0 [0x00D75E93+2449043]&#10;	Ordinal0 [0x00CA8281+1606273]&#10;	Ordinal0 [0x00B9F732+522034]&#10;	Ordinal0 [0x00B994D2+496850]&#10;	Ordinal0 [0x00B99BBB+498619]&#10;	Ordinal0 [0x00B9AB15+502549]&#10;	Ordinal0 [0x00B96644+484932]&#10;	Ordinal0 [0x00BA0520+525600]&#10;	Ordinal0 [0x00B4CBB9+183225]&#10;	Ordinal0 [0x00B4BF2D+180013]&#10;	Ordinal0 [0x00B49E5B+171611]&#10;	Ordinal0 [0x00B31DD8+73176]&#10;	Ordinal0 [0x00B32E50+77392]&#10;	Ordinal0 [0x00B32DE9+77289]&#10;	Ordinal0 [0x00CBD7F7+1693687]&#10;	GetHandleVerifier [0x00E14576+522742]&#10;	GetHandleVerifier [0x00E142B4+522036]&#10;	GetHandleVerifier [0x00E29587+608775]&#10;	GetHandleVerifier [0x00E14DE6+524902]&#10;	Ordinal0 [0x00CB5BDC+1661916]&#10;	Ordinal0 [0x00CBF15B+1700187]&#10;	Ordinal0 [0x00CBF2C3+1700547]&#10;	Ordinal0 [0x00CD5135+1790261]&#10;	BaseThreadInitThunk [0x74738674+36]&#10;	RtlGetAppContainerNamedObjectPath [0x77D45E17+311]&#10;	RtlGetAppContainerNamedObjectPath [0x77D45DE7+263]&#10;). See below for more details." type="net.thucydides.core.webdriver.DriverConfigurationError">net.thucydides.core.webdriver.DriverConfigurationError: 
Could not instantiate new WebDriver instance of type class org.openqa.selenium.chrome.ChromeDriver (session not created
from chrome not reachable
  (Session info: chrome=81.0.4044.138)
Build info: version: '3.141.59', revision: 'e82be7d358', time: '2018-11-14T08:17:03'
System info: host: 'DESKTOP-KMNS09Q', ip: '192.168.1.29', os.name: 'Windows 10', os.arch: 'amd64', os.version: '10.0', java.version: '1.8.0_211'
Driver info: driver.version: ProvideNewDriver
remote stacktrace: Backtrace:
	Ordinal0 [0x00D75E93+2449043]
	Ordinal0 [0x00CA8281+1606273]
	Ordinal0 [0x00B9F732+522034]
	Ordinal0 [0x00B994D2+496850]
	Ordinal0 [0x00B99BBB+498619]
	Ordinal0 [0x00B9AB15+502549]
	Ordinal0 [0x00B96644+484932]
	Ordinal0 [0x00BA0520+525600]
	Ordinal0 [0x00B4CBB9+183225]
	Ordinal0 [0x00B4BF2D+180013]
	Ordinal0 [0x00B49E5B+171611]
	Ordinal0 [0x00B31DD8+73176]
	Ordinal0 [0x00B32E50+77392]
	Ordinal0 [0x00B32DE9+77289]
	Ordinal0 [0x00CBD7F7+1693687]
	GetHandleVerifier [0x00E14576+522742]
	GetHandleVerifier [0x00E142B4+522036]
	GetHandleVerifier [0x00E29587+608775]
	GetHandleVerifier [0x00E14DE6+524902]
	Ordinal0 [0x00CB5BDC+1661916]
	Ordinal0 [0x00CBF15B+1700187]
	Ordinal0 [0x00CBF2C3+1700547]
	Ordinal0 [0x00CD5135+1790261]
	BaseThreadInitThunk [0x74738674+36]
	RtlGetAppContainerNamedObjectPath [0x77D45E17+311]
	RtlGetAppContainerNamedObjectPath [0x77D45DE7+263]
). See below for more details.
	at appium.features.calculator.CalculateNumberByKeywordStory.annaCanBrowseTheWeb(CalculateNumberByKeywordStory.java:29)
</error>
    <system-err><![CDATA[[main] INFO net.thucydides.core.requirements.PackageRequirementsTagProvider - Loading requirements from package requirements at: appium.features
[main] ERROR net.thucydides.core.steps.ConsoleLoggingListener - 
           __  _____ _____ ____ _____   _____ _    ___ _     _____ ____  
  _       / / |_   _| ____/ ___|_   _| |  ___/ \  |_ _| |   | ____|  _ \ 
 (_)_____| |    | | |  _| \___ \ | |   | |_ / _ \  | || |   |  _| | | | |
  _|_____| |    | | | |___ ___) || |   |  _/ ___ \ | || |___| |___| |_| |
 (_)     | |    |_| |_____|____/ |_|   |_|/_/   \_\___|_____|_____|____/ 
          \_\                                                            

TEST FAILED: Subtract
--------------------------------------------------------------------------
[main] ERROR net.thucydides.core.steps.ConsoleLoggingListener - TEST FAILED AT STEP Anna clicks on The operator Minus
[main] ERROR net.thucydides.core.steps.ConsoleLoggingListener - Expected enabled element was not enabled
[main] INFO net.thucydides.core.steps.ConsoleLoggingListener - 
 _____ _____ ____ _____   ____ _____  _    ____ _____ _____ ____  
|_   _| ____/ ___|_   _| / ___|_   _|/ \  |  _ \_   _| ____|  _ \ 
  | | |  _| \___ \ | |   \___ \ | | / _ \ | |_) || | |  _| | | | |
  | | | |___ ___) || |    ___) || |/ ___ \|  _ < | | | |___| |_| |
  |_| |_____|____/ |_|   |____/ |_/_/   \_\_| \_\|_| |_____|____/ 
                                                                  

TEST STARTED: Addition
-------------------------------------------------------------------
[main] INFO net.serenitybdd.core.Serenity - TEST NUMBER: 2
May 11, 2020 4:28:44 PM org.openqa.selenium.remote.DesiredCapabilities chrome
INFO: Using `new ChromeOptions()` is preferred to `DesiredCapabilities.chrome()`
[main] INFO net.serenitybdd.core.webdriver.driverproviders.ProvideNewDriver - Instantiating driver
[main] INFO net.serenitybdd.core.webdriver.driverproviders.ProvideNewDriver - Driver capabilities: Capabilities {acceptInsecureCerts: false, browserName: chrome, goog:chromeOptions: {args: [], extensions: []}, loggingPrefs: org.openqa.selenium.logging..., platform: ANY, version: }
Starting ChromeDriver 81.0.4044.138 (8c6c7ba89cc9453625af54f11fd83179e23450fa-refs/branch-heads/4044@{#999}) on port 48174
Only local connections are allowed.
Please protect ports used by ChromeDriver and related test frameworks to prevent access by malicious code.
[1589189331.645][WARNING]: Timed out connecting to Chrome, retrying...
]]></system-err>
  </testcase>
  <testcase name="Multiply" classname="appium.features.calculator.CalculateNumberByKeywordStory" time="18.013">
    <error message="Expected enabled element was not enabled&#10;Build info: version: &apos;3.141.59&apos;, revision: &apos;e82be7d358&apos;, time: &apos;2018-11-14T08:17:03&apos;&#10;System info: host: &apos;DESKTOP-KMNS09Q&apos;, ip: &apos;192.168.1.29&apos;, os.name: &apos;Windows 10&apos;, os.arch: &apos;amd64&apos;, os.version: &apos;10.0&apos;, java.version: &apos;1.8.0_211&apos;&#10;Driver info: driver.version: unknown" type="net.thucydides.core.webdriver.exceptions.ElementShouldBeEnabledException">net.thucydides.core.webdriver.exceptions.ElementShouldBeEnabledException: 
Expected enabled element was not enabled
Build info: version: '3.141.59', revision: 'e82be7d358', time: '2018-11-14T08:17:03'
System info: host: 'DESKTOP-KMNS09Q', ip: '192.168.1.29', os.name: 'Windows 10', os.arch: 'amd64', os.version: '10.0', java.version: '1.8.0_211'
Driver info: driver.version: unknown
	at appium.features.calculator.CalculateNumberByKeywordStory.Multiply(CalculateNumberByKeywordStory.java:55)
</error>
    <system-err><![CDATA[[main] ERROR net.thucydides.core.steps.ConsoleLoggingListener - 
           __  _____ _____ ____ _____   _____ _    ___ _     _____ ____  
  _       / / |_   _| ____/ ___|_   _| |  ___/ \  |_ _| |   | ____|  _ \ 
 (_)_____| |    | | |  _| \___ \ | |   | |_ / _ \  | || |   |  _| | | | |
  _|_____| |    | | | |___ ___) || |   |  _/ ___ \ | || |___| |___| |_| |
 (_)     | |    |_| |_____|____/ |_|   |_|/_/   \_\___|_____|_____|____/ 
          \_\                                                            

TEST FAILED WITH ERROR: Addition
---------------------------------------------------------------------
[main] ERROR net.thucydides.core.steps.ConsoleLoggingListener - TEST FAILED AT STEP Anna opens the https://www.desmos.com/scientific
[main] ERROR net.thucydides.core.steps.ConsoleLoggingListener - Could not instantiate class org.openqa.selenium.chrome.ChromeDriver
[main] INFO net.thucydides.core.steps.ConsoleLoggingListener - 
 _____ _____ ____ _____   ____ _____  _    ____ _____ _____ ____  
|_   _| ____/ ___|_   _| / ___|_   _|/ \  |  _ \_   _| ____|  _ \ 
  | | |  _| \___ \ | |   \___ \ | | / _ \ | |_) || | |  _| | | | |
  | | | |___ ___) || |    ___) || |/ ___ \|  _ < | | | |___| |_| |
  |_| |_____|____/ |_|   |____/ |_/_/   \_\_| \_\|_| |_____|____/ 
                                                                  

TEST STARTED: Multiply
-------------------------------------------------------------------
[main] INFO net.serenitybdd.core.Serenity - TEST NUMBER: 3
May 11, 2020 4:28:56 PM org.openqa.selenium.remote.DesiredCapabilities chrome
INFO: Using `new ChromeOptions()` is preferred to `DesiredCapabilities.chrome()`
[main] INFO net.serenitybdd.core.webdriver.driverproviders.ProvideNewDriver - Instantiating driver
[main] INFO net.serenitybdd.core.webdriver.driverproviders.ProvideNewDriver - Driver capabilities: Capabilities {acceptInsecureCerts: false, browserName: chrome, goog:chromeOptions: {args: [], extensions: []}, loggingPrefs: org.openqa.selenium.logging..., platform: ANY, version: }
Starting ChromeDriver 81.0.4044.138 (8c6c7ba89cc9453625af54f11fd83179e23450fa-refs/branch-heads/4044@{#999}) on port 25379
Only local connections are allowed.
Please protect ports used by ChromeDriver and related test frameworks to prevent access by malicious code.
May 11, 2020 4:29:00 PM org.openqa.selenium.remote.ProtocolHandshake createSession
INFO: Detected dialect: W3C
[1589189341.962][SEVERE]: Timed out receiving message from renderer: 0.100
[1589189342.064][SEVERE]: Timed out receiving message from renderer: 0.100
[1589189342.166][SEVERE]: Timed out receiving message from renderer: 0.100
[1589189342.267][SEVERE]: Timed out receiving message from renderer: 0.100
[1589189342.541][SEVERE]: Timed out receiving message from renderer: 0.100
[1589189342.642][SEVERE]: Timed out receiving message from renderer: 0.100
[1589189342.744][SEVERE]: Timed out receiving message from renderer: 0.100
[1589189342.846][SEVERE]: Timed out receiving message from renderer: 0.100
[1589189342.947][SEVERE]: Timed out receiving message from renderer: 0.100
[1589189343.048][SEVERE]: Timed out receiving message from renderer: 0.100
[1589189343.150][SEVERE]: Timed out receiving message from renderer: 0.100
[1589189343.251][SEVERE]: Timed out receiving message from renderer: 0.100
[1589189343.352][SEVERE]: Timed out receiving message from renderer: 0.100
[1589189343.454][SEVERE]: Timed out receiving message from renderer: 0.100
[1589189343.556][SEVERE]: Timed out receiving message from renderer: 0.100
[1589189343.658][SEVERE]: Timed out receiving message from renderer: 0.100
[1589189343.760][SEVERE]: Timed out receiving message from renderer: 0.100
[1589189343.861][SEVERE]: Timed out receiving message from renderer: 0.100
[1589189343.962][SEVERE]: Timed out receiving message from renderer: 0.100
[1589189344.064][SEVERE]: Timed out receiving message from renderer: 0.100
[1589189344.166][SEVERE]: Timed out receiving message from renderer: 0.100
[1589189344.270][SEVERE]: Timed out receiving message from renderer: 0.100
[1589189344.371][SEVERE]: Timed out receiving message from renderer: 0.100
[1589189344.472][SEVERE]: Timed out receiving message from renderer: 0.100
[1589189344.574][SEVERE]: Timed out receiving message from renderer: 0.100
[1589189344.676][SEVERE]: Timed out receiving message from renderer: 0.100
[1589189344.780][SEVERE]: Timed out receiving message from renderer: 0.100
[1589189344.881][SEVERE]: Timed out receiving message from renderer: 0.100
[1589189344.982][SEVERE]: Timed out receiving message from renderer: 0.100
[1589189345.083][SEVERE]: Timed out receiving message from renderer: 0.100
]]></system-err>
  </testcase>
  <testcase name="Divide" classname="appium.features.calculator.CalculateNumberByKeywordStory" time="17.257">
    <error message="Expected enabled element was not enabled&#10;Build info: version: &apos;3.141.59&apos;, revision: &apos;e82be7d358&apos;, time: &apos;2018-11-14T08:17:03&apos;&#10;System info: host: &apos;DESKTOP-KMNS09Q&apos;, ip: &apos;192.168.1.29&apos;, os.name: &apos;Windows 10&apos;, os.arch: &apos;amd64&apos;, os.version: &apos;10.0&apos;, java.version: &apos;1.8.0_211&apos;&#10;Driver info: driver.version: unknown" type="net.thucydides.core.webdriver.exceptions.ElementShouldBeEnabledException">net.thucydides.core.webdriver.exceptions.ElementShouldBeEnabledException: 
Expected enabled element was not enabled
Build info: version: '3.141.59', revision: 'e82be7d358', time: '2018-11-14T08:17:03'
System info: host: 'DESKTOP-KMNS09Q', ip: '192.168.1.29', os.name: 'Windows 10', os.arch: 'amd64', os.version: '10.0', java.version: '1.8.0_211'
Driver info: driver.version: unknown
	at appium.features.calculator.CalculateNumberByKeywordStory.Divide(CalculateNumberByKeywordStory.java:66)
</error>
    <system-err><![CDATA[[main] ERROR net.thucydides.core.steps.ConsoleLoggingListener - 
           __  _____ _____ ____ _____   _____ _    ___ _     _____ ____  
  _       / / |_   _| ____/ ___|_   _| |  ___/ \  |_ _| |   | ____|  _ \ 
 (_)_____| |    | | |  _| \___ \ | |   | |_ / _ \  | || |   |  _| | | | |
  _|_____| |    | | | |___ ___) || |   |  _/ ___ \ | || |___| |___| |_| |
 (_)     | |    |_| |_____|____/ |_|   |_|/_/   \_\___|_____|_____|____/ 
          \_\                                                            

TEST FAILED: Multiply
--------------------------------------------------------------------------
[main] ERROR net.thucydides.core.steps.ConsoleLoggingListener - TEST FAILED AT STEP Anna clicks on The operator Times
[main] ERROR net.thucydides.core.steps.ConsoleLoggingListener - Expected enabled element was not enabled
[main] INFO net.thucydides.core.steps.ConsoleLoggingListener - 
 _____ _____ ____ _____   ____ _____  _    ____ _____ _____ ____  
|_   _| ____/ ___|_   _| / ___|_   _|/ \  |  _ \_   _| ____|  _ \ 
  | | |  _| \___ \ | |   \___ \ | | / _ \ | |_) || | |  _| | | | |
  | | | |___ ___) || |    ___) || |/ ___ \|  _ < | | | |___| |_| |
  |_| |_____|____/ |_|   |____/ |_/_/   \_\_| \_\|_| |_____|____/ 
                                                                  

TEST STARTED: Divide
-------------------------------------------------------------------
[main] INFO net.serenitybdd.core.Serenity - TEST NUMBER: 4
May 11, 2020 4:29:14 PM org.openqa.selenium.remote.DesiredCapabilities chrome
INFO: Using `new ChromeOptions()` is preferred to `DesiredCapabilities.chrome()`
[main] INFO net.serenitybdd.core.webdriver.driverproviders.ProvideNewDriver - Instantiating driver
[main] INFO net.serenitybdd.core.webdriver.driverproviders.ProvideNewDriver - Driver capabilities: Capabilities {acceptInsecureCerts: false, browserName: chrome, goog:chromeOptions: {args: [], extensions: []}, loggingPrefs: org.openqa.selenium.logging..., platform: ANY, version: }
Starting ChromeDriver 81.0.4044.138 (8c6c7ba89cc9453625af54f11fd83179e23450fa-refs/branch-heads/4044@{#999}) on port 6759
Only local connections are allowed.
Please protect ports used by ChromeDriver and related test frameworks to prevent access by malicious code.
May 11, 2020 4:29:17 PM org.openqa.selenium.remote.ProtocolHandshake createSession
INFO: Detected dialect: W3C
[1589189358.768][SEVERE]: Timed out receiving message from renderer: 0.100
[1589189358.869][SEVERE]: Timed out receiving message from renderer: 0.100
[1589189358.971][SEVERE]: Timed out receiving message from renderer: 0.100
[1589189359.076][SEVERE]: Timed out receiving message from renderer: 0.100
[1589189359.433][SEVERE]: Timed out receiving message from renderer: 0.100
[1589189359.535][SEVERE]: Timed out receiving message from renderer: 0.100
[1589189359.636][SEVERE]: Timed out receiving message from renderer: 0.100
[1589189359.752][SEVERE]: Timed out receiving message from renderer: 0.100
[1589189359.854][SEVERE]: Timed out receiving message from renderer: 0.100
[1589189359.983][SEVERE]: Timed out receiving message from renderer: 0.100
[1589189360.084][SEVERE]: Timed out receiving message from renderer: 0.100
[1589189360.187][SEVERE]: Timed out receiving message from renderer: 0.100
[1589189360.293][SEVERE]: Timed out receiving message from renderer: 0.100
[1589189360.394][SEVERE]: Timed out receiving message from renderer: 0.100
[1589189360.496][SEVERE]: Timed out receiving message from renderer: 0.100
[1589189360.598][SEVERE]: Timed out receiving message from renderer: 0.100
[1589189360.699][SEVERE]: Timed out receiving message from renderer: 0.100
[1589189360.800][SEVERE]: Timed out receiving message from renderer: 0.100
[1589189360.901][SEVERE]: Timed out receiving message from renderer: 0.100
[1589189361.002][SEVERE]: Timed out receiving message from renderer: 0.100
[1589189361.104][SEVERE]: Timed out receiving message from renderer: 0.100
[1589189361.206][SEVERE]: Timed out receiving message from renderer: 0.100
[1589189361.307][SEVERE]: Timed out receiving message from renderer: 0.100
[1589189361.409][SEVERE]: Timed out receiving message from renderer: 0.100
[1589189361.510][SEVERE]: Timed out receiving message from renderer: 0.100
[1589189361.613][SEVERE]: Timed out receiving message from renderer: 0.100
[1589189361.714][SEVERE]: Timed out receiving message from renderer: 0.100
[1589189361.815][SEVERE]: Timed out receiving message from renderer: 0.100
[1589189361.916][SEVERE]: Timed out receiving message from renderer: 0.100
[1589189362.018][SEVERE]: Timed out receiving message from renderer: 0.100
[1589189362.119][SEVERE]: Timed out receiving message from renderer: 0.100
[1589189362.220][SEVERE]: Timed out receiving message from renderer: 0.100
[1589189362.322][SEVERE]: Timed out receiving message from renderer: 0.100
[1589189362.423][SEVERE]: Timed out receiving message from renderer: 0.100
]]></system-err>
  </testcase>
</testsuite>