<?xml version="1.0" encoding="UTF-8"?><testsuite errors="0" failures="0" name="appium.features.calculator.CalculateNumberByKeywordStory" skipped="0" tests="4" time="44.42" timestamp="2020-05-11 10:07:32"><testcase classname="appium.features.calculator.CalculateNumberByKeywordStory" name="Subtract"/><testcase classname="appium.features.calculator.CalculateNumberByKeywordStory" name="Addition"/><testcase classname="appium.features.calculator.CalculateNumberByKeywordStory" name="Multiply"/><testcase classname="appium.features.calculator.CalculateNumberByKeywordStory" name="Divide"/></testsuite>