<?xml version="1.0" encoding="UTF-8"?><testsuite errors="0" failures="0" name="appium.features.search.CalculateNumberByKeywordStory" skipped="0" tests="4" time="106.23" timestamp="2020-04-23 06:28:43"><testcase classname="appium.features.search.CalculateNumberByKeywordStory" name="Subtract"/><testcase classname="appium.features.search.CalculateNumberByKeywordStory" name="Addition"/><testcase classname="appium.features.search.CalculateNumberByKeywordStory" name="Multiply"/><testcase classname="appium.features.search.CalculateNumberByKeywordStory" name="Divide"/></testsuite>